Determining if the pthread_create exist failed with the following output:
Change Dir: /home/jin/Q/Done/ORB_Collection_04_27_2017/fr200_recorder/build/CMakeFiles/CMakeTmp

Run Build Command:/usr/bin/make "cmTryCompileExec2525077234/fast"
/usr/bin/make -f CMakeFiles/cmTryCompileExec2525077234.dir/build.make CMakeFiles/cmTryCompileExec2525077234.dir/build
make[1]: Entering directory `/home/jin/Q/Done/ORB_Collection_04_27_2017/fr200_recorder/build/CMakeFiles/CMakeTmp'
/usr/bin/cmake -E cmake_progress_report /home/jin/Q/Done/ORB_Collection_04_27_2017/fr200_recorder/build/CMakeFiles/CMakeTmp/CMakeFiles 1
Building C object CMakeFiles/cmTryCompileExec2525077234.dir/CheckSymbolExists.c.o
/usr/bin/cc    -o CMakeFiles/cmTryCompileExec2525077234.dir/CheckSymbolExists.c.o   -c /home/jin/Q/Done/ORB_Collection_04_27_2017/fr200_recorder/build/CMakeFiles/CMakeTmp/CheckSymbolExists.c
Linking C executable cmTryCompileExec2525077234
/usr/bin/cmake -E cmake_link_script CMakeFiles/cmTryCompileExec2525077234.dir/link.txt --verbose=1
/usr/bin/cc       CMakeFiles/cmTryCompileExec2525077234.dir/CheckSymbolExists.c.o  -o cmTryCompileExec2525077234 -rdynamic 
CMakeFiles/cmTryCompileExec2525077234.dir/CheckSymbolExists.c.o: In function `main':
CheckSymbolExists.c:(.text+0x16): undefined reference to `pthread_create'
collect2: error: ld returned 1 exit status
make[1]: Leaving directory `/home/jin/Q/Done/ORB_Collection_04_27_2017/fr200_recorder/build/CMakeFiles/CMakeTmp'
make[1]: *** [cmTryCompileExec2525077234] Error 1
make: *** [cmTryCompileExec2525077234/fast] Error 2

File /home/jin/Q/Done/ORB_Collection_04_27_2017/fr200_recorder/build/CMakeFiles/CMakeTmp/CheckSymbolExists.c:
/* */
#include <pthread.h>

int main(int argc, char** argv)
{
  (void)argv;
#ifndef pthread_create
  return ((int*)(&pthread_create))[argc];
#else
  (void)argc;
  return 0;
#endif
}

Determining if the function pthread_create exists in the pthreads failed with the following output:
Change Dir: /home/jin/Q/Done/ORB_Collection_04_27_2017/fr200_recorder/build/CMakeFiles/CMakeTmp

Run Build Command:/usr/bin/make "cmTryCompileExec370545191/fast"
/usr/bin/make -f CMakeFiles/cmTryCompileExec370545191.dir/build.make CMakeFiles/cmTryCompileExec370545191.dir/build
make[1]: Entering directory `/home/jin/Q/Done/ORB_Collection_04_27_2017/fr200_recorder/build/CMakeFiles/CMakeTmp'
/usr/bin/cmake -E cmake_progress_report /home/jin/Q/Done/ORB_Collection_04_27_2017/fr200_recorder/build/CMakeFiles/CMakeTmp/CMakeFiles 1
Building C object CMakeFiles/cmTryCompileExec370545191.dir/CheckFunctionExists.c.o
/usr/bin/cc   -DCHECK_FUNCTION_EXISTS=pthread_create   -o CMakeFiles/cmTryCompileExec370545191.dir/CheckFunctionExists.c.o   -c /usr/share/cmake-2.8/Modules/CheckFunctionExists.c
Linking C executable cmTryCompileExec370545191
/usr/bin/cmake -E cmake_link_script CMakeFiles/cmTryCompileExec370545191.dir/link.txt --verbose=1
/usr/bin/cc   -DCHECK_FUNCTION_EXISTS=pthread_create    CMakeFiles/cmTryCompileExec370545191.dir/CheckFunctionExists.c.o  -o cmTryCompileExec370545191 -rdynamic -lpthreads 
/usr/bin/ld: cannot find -lpthreads
collect2: error: ld returned 1 exit status
make[1]: *** [cmTryCompileExec370545191] Error 1
make[1]: Leaving directory `/home/jin/Q/Done/ORB_Collection_04_27_2017/fr200_recorder/build/CMakeFiles/CMakeTmp'
make: *** [cmTryCompileExec370545191/fast] Error 2


